yedilkulzhabay@192 crm % node orToolslocal.js
📊 Активные заказы (уже назначены): 0
📊 Новые заказы для распределения: 22
Начало распределения в orTools.js
количество курьеров =  4
количество заказов =  22
ограничения на заказы =  {}
Python stderr: === ПРОВЕРКА ВХОДНЫХ ДАННЫХ ===
✅ Курьер courier_1: (43.282268, 76.921119)
✅ Курьер courier_2: (43.24, 76.91)
✅ Курьер courier_3: (43.168277314921774, 76.89654142009347)
✅ Курьер courier_4: (43.16, 76.87)
✅ Заказ order_1: (43.292268, 76.931119)
✅ Заказ order_2: (43.261362, 76.929122)
✅ Заказ order_3: (43.151319, 76.901267)
✅ Заказ order_4: (43.228644, 76.866358)
✅ Заказ order_5: (43.187654, 76.898765)
✅ Заказ order_6: (43.254082, 76.918261)
✅ Заказ order_7: (43.198765, 76.923456)
✅ Заказ order_8: (43.237369, 76.938627)
✅ Заказ order_9: (43.252214, 76.90054)
✅ Заказ order_10: (43.187654, 76.912345)
✅ Заказ order_11: (43.194514, 76.896529)
✅ Заказ order_12: (43.168765, 76.873977)
✅ Заказ order_13: (43.175432, 76.923456)
✅ Заказ order_14: (43.234567, 76.912345)
✅ Заказ order_15: (43.212045, 76.872848)
✅ Заказ order_16: (43.223456, 76.934567)
✅ Заказ order_17: (43.264191, 76.932518)
✅ Заказ order_18: (43.245678, 76.887654)
✅ Заказ order_19: (43.212345, 76.945678)
✅ Заказ order_20: (43.242453, 76.9409)
✅ Заказ order_21: (43.234567, 76.923456)
✅ Заказ order_22: (43.198765, 76.934567)

Валидные курьеры: 4
Валидные заказы: 22
✅ Данные корректны, продолжаем оптимизацию...

=== ПРОВЕРКА ВРЕМЕННЫХ ОКОН И ПРИОРИТЕТНОСТИ ===
Текущее время: 10:00
Заказ order_1:
  Временное окно: 09:00 - 21:00
  Приоритет: 1 (высокий)
  Срочный: нет
  Валидное окно: да
  Приоритетный вес: 3000
Заказ order_2:
  Временное окно: 09:00 - 21:00
  Приоритет: 2 (средний)
  Срочный: нет
  Валидное окно: да
  Приоритетный вес: 2000
Заказ order_3:
  Временное окно: 11:00 - 13:00
  Приоритет: 1 (высокий)
  Срочный: да
  Валидное окно: нет
  Приоритетный вес: 6000
Заказ order_4:
  Временное окно: 11:30 - 13:00
  Приоритет: 1 (высокий)
  Срочный: да
  Валидное окно: нет
  Приоритетный вес: 6000
Заказ order_5:
  Временное окно: 09:00 - 21:00
  Приоритет: 2 (средний)
  Срочный: нет
  Валидное окно: да
  Приоритетный вес: 2000
Заказ order_6:
  Временное окно: 16:30 - 18:00
  Приоритет: 1 (высокий)
  Срочный: нет
  Валидное окно: нет
  Приоритетный вес: 3000
Заказ order_7:
  Временное окно: 09:00 - 21:00
  Приоритет: 2 (средний)
  Срочный: нет
  Валидное окно: да
  Приоритетный вес: 2000
Заказ order_8:
  Временное окно: 09:00 - 21:00
  Приоритет: 1 (высокий)
  Срочный: нет
  Валидное окно: да
  Приоритетный вес: 3000
Заказ order_9:
  Временное окно: 09:00 - 21:00
  Приоритет: 3 (низкий)
  Срочный: нет
  Валидное окно: да
  Приоритетный вес: 1000
Заказ order_10:
  Временное окно: 09:00 - 21:00
  Приоритет: 2 (средний)
  Срочный: нет
  Валидное окно: да
  Приоритетный вес: 2000
Заказ order_11:
  Временное окно: 09:00 - 21:00
  Приоритет: 3 (низкий)
  Срочный: нет
  Валидное окно: да
  Приоритетный вес: 1000
Заказ order_12:
  Временное окно: 09:00 - 21:00
  Приоритет: 2 (средний)
  Срочный: нет
  Валидное окно: да
  Приоритетный вес: 2000
Заказ order_13:
  Временное окно: 09:00 - 21:00
  Приоритет: 1 (высокий)
  Срочный: нет
  Валидное окно: да
  Приоритетный вес: 3000
Заказ order_14:
  Временное окно: 09:00 - 21:00
  Приоритет: 3 (низкий)
  Срочный: нет
  Валидное окно: да
  Приоритетный вес: 1000
Заказ order_15:
  Временное окно: 09:00 - 21:00
  Приоритет: 3 (низкий)
  Срочный: нет
  Валидное окно: да
  Приоритетный вес: 1000
Заказ order_16:
  Временное окно: 09:00 - 21:00
  Приоритет: 2 (средний)
  Срочный: нет
  Валидное окно: да
  Приоритетный вес: 2000
Заказ order_17:
  Временное окно: 09:00 - 21:00
  Приоритет: 1 (высокий)
  Срочный: нет
  Валидное окно: да
  Приоритетный вес: 3000
Заказ order_18:
  Временное окно: 09:00 - 21:00
  Приоритет: 3 (низкий)
  Срочный: нет
  Валидное окно: да
  Приоритетный вес: 1000
Заказ order_19:
  Временное окно: 09:00 - 21:00
  Приоритет: 2 (средний)
  Срочный: нет
  Валидное окно: да
  Приоритетный вес: 2000
Заказ order_20:
  Временное окно: 09:00 - 21:00
  Приоритет: 1 (высокий)
  Срочный: нет
  Валидное окно: да
  Приоритетный вес: 3000
Заказ order_21:
  Временное окно: 09:00 - 21:00
  Приоритет: 2 (средний)
  Срочный: нет
  Валидное окно: да
  Приоритетный вес: 2000
Заказ order_22:
  Временное окно: 09:00 - 21:00
  Приоритет: 1 (высокий)
  Срочный: нет
  Валидное окно: да
  Приоритетный вес: 3000

=== ИНФОРМАЦИЯ О КУРЬЕРАХ ===
Курьер courier_1: общая вместимость = 40 бутылок
Курьер courier_2: общая вместимость = 40 бутылок
Курьер courier_3: общая вместимость = 50 бутылок
Курьер courier_4: общая вместимость = 16 бутылок

=== ИНФОРМАЦИЯ О ЗАКАЗАХ ===
Заказ order_1: 5 x 12л + 0 x 19л = 5 бутылок
Заказ order_2: 3 x 12л + 0 x 19л = 3 бутылок
Заказ order_3: 0 x 12л + 3 x 19л = 3 бутылок
Заказ order_4: 0 x 12л + 3 x 19л = 3 бутылок
Заказ order_5: 0 x 12л + 2 x 19л = 2 бутылок
Заказ order_6: 0 x 12л + 5 x 19л = 5 бутылок
Заказ order_7: 0 x 12л + 4 x 19л = 4 бутылок
Заказ order_8: 0 x 12л + 6 x 19л = 6 бутылок
Заказ order_9: 0 x 12л + 2 x 19л = 2 бутылок
Заказ order_10: 0 x 12л + 2 x 19л = 2 бутылок
Заказ order_11: 4 x 12л + 0 x 19л = 4 бутылок
Заказ order_12: 0 x 12л + 2 x 19л = 2 бутылок
Заказ order_13: 0 x 12л + 4 x 19л = 4 бутылок
Заказ order_14: 4 x 12л + 0 x 19л = 4 бутылок
Заказ order_15: 0 x 12л + 15 x 19л = 15 бутылок
Заказ order_16: 0 x 12л + 10 x 19л = 10 бутылок
Заказ order_17: 0 x 12л + 20 x 19л = 20 бутылок
Заказ order_18: 0 x 12л + 3 x 19л = 3 бутылок
Заказ order_19: 0 x 12л + 4 x 19л = 4 бутылок
Заказ order_20: 0 x 12л + 2 x 19л = 2 бутылок
Заказ order_21: 0 x 12л + 2 x 19л = 2 бутылок
Заказ order_22: 10 x 12л + 0 x 19л = 10 бутылок

Количество курьеров: 4
Количество заказов: 22
Общее количество локаций: 27

=== НАСТРОЙКА ОТКРЫТЫХ МАРШРУТОВ ===
Стартовые точки курьеров: [1, 2, 3, 4]
Виртуальные конечные точки: [27, 28, 29, 30]
Общее количество локаций (с виртуальными): 31

=== ДОБАВЛЕНИЕ ВРЕМЕННЫХ ОГРАНИЧЕНИЙ ===

=== ДОБАВЛЕНИЕ ПРИОРИТЕТНОСТИ ДЛЯ СРОЧНЫХ ЗАКАЗОВ ===
🚨 СРОЧНЫЙ ЗАКАЗ С ВЫСОКИМ ПРИОРИТЕТОМ: order_3
🚨 СРОЧНЫЙ ЗАКАЗ С ВЫСОКИМ ПРИОРИТЕТОМ: order_4

=== ПРИНУДИТЕЛЬНОЕ РАСПРЕДЕЛЕНИЕ СРОЧНЫХ ЗАКАЗОВ ===

=== НАЗНАЧЕНИЕ СРОЧНЫХ ЗАКАЗОВ БЛИЖАЙШИМ КУРЬЕРАМ ===
⚡ СРОЧНЫЙ ЗАКАЗ order_3 НАЗНАЧЕН БЛИЖАЙШЕМУ КУРЬЕРУ courier_3 (расстояние: 1.92 км)
  🎯 Срочный заказ order_3 может быть выполнен в любое время
  🚀 Срочный заказ order_3 должен быть выполнен ПЕРВЫМ в маршруте
⚡ СРОЧНЫЙ ЗАКАЗ order_4 НАЗНАЧЕН БЛИЖАЙШЕМУ КУРЬЕРУ courier_2 (расстояние: 3.75 км)
  🎯 Срочный заказ order_4 может быть выполнен в любое время
  🚀 Срочный заказ order_4 должен быть выполнен ПЕРВЫМ в маршруте
  ⚡ Установлен максимальный приоритет для срочного заказа order_3
  🎯 Срочный заказ order_3 может быть выполнен в любое время
  🚀 Срочный заказ order_3 должен быть выполнен ПЕРВЫМ в маршруте
  ⚡ Установлен максимальный приоритет для срочного заказа order_4
  🎯 Срочный заказ order_4 может быть выполнен в любое время
  🚀 Срочный заказ order_4 должен быть выполнен ПЕРВЫМ в маршруте

=== ДОБАВЛЕНИЕ ОГРАНИЧЕНИЙ ДЛЯ ПЕРВООЧЕРЕДНОГО ВЫПОЛНЕНИЯ ===
  🚨 СРОЧНЫЙ ЗАКАЗ order_3 ДОЛЖЕН БЫТЬ ВЫПОЛНЕН В ТЕЧЕНИЕ 30 МИНУТ
  🚨 СРОЧНЫЙ ЗАКАЗ order_4 ДОЛЖЕН БЫТЬ ВЫПОЛНЕН В ТЕЧЕНИЕ 30 МИНУТ

=== ДОБАВЛЕНИЕ ОГРАНИЧЕНИЙ ПОРЯДКА ВЫПОЛНЕНИЯ ===
  📋 СРОЧНЫЙ ЗАКАЗ order_3 ДОЛЖЕН БЫТЬ ВЫПОЛНЕН РАНЬШЕ order_1
  📋 СРОЧНЫЙ ЗАКАЗ order_3 ДОЛЖЕН БЫТЬ ВЫПОЛНЕН РАНЬШЕ order_2
  📋 СРОЧНЫЙ ЗАКАЗ order_3 ДОЛЖЕН БЫТЬ ВЫПОЛНЕН РАНЬШЕ order_5
  📋 СРОЧНЫЙ ЗАКАЗ order_3 ДОЛЖЕН БЫТЬ ВЫПОЛНЕН РАНЬШЕ order_6
  📋 СРОЧНЫЙ ЗАКАЗ order_3 ДОЛЖЕН БЫТЬ ВЫПОЛНЕН РАНЬШЕ order_7
  📋 СРОЧНЫЙ ЗАКАЗ order_3 ДОЛЖЕН БЫТЬ ВЫПОЛНЕН РАНЬШЕ order_8
  📋 СРОЧНЫЙ ЗАКАЗ order_3 ДОЛЖЕН БЫТЬ ВЫПОЛНЕН РАНЬШЕ order_9
  📋 СРОЧНЫЙ ЗАКАЗ order_3 ДОЛЖЕН БЫТЬ ВЫПОЛНЕН РАНЬШЕ order_10
  📋 СРОЧНЫЙ ЗАКАЗ order_3 ДОЛЖЕН БЫТЬ ВЫПОЛНЕН РАНЬШЕ order_11
  📋 СРОЧНЫЙ ЗАКАЗ order_3 ДОЛЖЕН БЫТЬ ВЫПОЛНЕН РАНЬШЕ order_12
  📋 СРОЧНЫЙ ЗАКАЗ order_3 ДОЛЖЕН БЫТЬ ВЫПОЛНЕН РАНЬШЕ order_13
  📋 СРОЧНЫЙ ЗАКАЗ order_3 ДОЛЖЕН БЫТЬ ВЫПОЛНЕН РАНЬШЕ order_14
  📋 СРОЧНЫЙ ЗАКАЗ order_3 ДОЛЖЕН БЫТЬ ВЫПОЛНЕН РАНЬШЕ order_15
  📋 СРОЧНЫЙ ЗАКАЗ order_3 ДОЛЖЕН БЫТЬ ВЫПОЛНЕН РАНЬШЕ order_16
  📋 СРОЧНЫЙ ЗАКАЗ order_3 ДОЛЖЕН БЫТЬ ВЫПОЛНЕН РАНЬШЕ order_17
  📋 СРОЧНЫЙ ЗАКАЗ order_3 ДОЛЖЕН БЫТЬ ВЫПОЛНЕН РАНЬШЕ order_18
  📋 СРОЧНЫЙ ЗАКАЗ order_3 ДОЛЖЕН БЫТЬ ВЫПОЛНЕН РАНЬШЕ order_19
  📋 СРОЧНЫЙ ЗАКАЗ order_3 ДОЛЖЕН БЫТЬ ВЫПОЛНЕН РАНЬШЕ order_20
  📋 СРОЧНЫЙ ЗАКАЗ order_3 ДОЛЖЕН БЫТЬ ВЫПОЛНЕН РАНЬШЕ order_21
  📋 СРОЧНЫЙ ЗАКАЗ order_3 ДОЛЖЕН БЫТЬ ВЫПОЛНЕН РАНЬШЕ order_22
  📋 СРОЧНЫЙ ЗАКАЗ order_4 ДОЛЖЕН БЫТЬ ВЫПОЛНЕН РАНЬШЕ order_1
  📋 СРОЧНЫЙ ЗАКАЗ order_4 ДОЛЖЕН БЫТЬ ВЫПОЛНЕН РАНЬШЕ order_2
  📋 СРОЧНЫЙ ЗАКАЗ order_4 ДОЛЖЕН БЫТЬ ВЫПОЛНЕН РАНЬШЕ order_5
  📋 СРОЧНЫЙ ЗАКАЗ order_4 ДОЛЖЕН БЫТЬ ВЫПОЛНЕН РАНЬШЕ order_6
  📋 СРОЧНЫЙ ЗАКАЗ order_4 ДОЛЖЕН БЫТЬ ВЫПОЛНЕН РАНЬШЕ order_7
  📋 СРОЧНЫЙ ЗАКАЗ order_4 ДОЛЖЕН БЫТЬ ВЫПОЛНЕН РАНЬШЕ order_8
  📋 СРОЧНЫЙ ЗАКАЗ order_4 ДОЛЖЕН БЫТЬ ВЫПОЛНЕН РАНЬШЕ order_9
  📋 СРОЧНЫЙ ЗАКАЗ order_4 ДОЛЖЕН БЫТЬ ВЫПОЛНЕН РАНЬШЕ order_10
  📋 СРОЧНЫЙ ЗАКАЗ order_4 ДОЛЖЕН БЫТЬ ВЫПОЛНЕН РАНЬШЕ order_11
  📋 СРОЧНЫЙ ЗАКАЗ order_4 ДОЛЖЕН БЫТЬ ВЫПОЛНЕН РАНЬШЕ order_12
  📋 СРОЧНЫЙ ЗАКАЗ order_4 ДОЛЖЕН БЫТЬ ВЫПОЛНЕН РАНЬШЕ order_13
  📋 СРОЧНЫЙ ЗАКАЗ order_4 ДОЛЖЕН БЫТЬ ВЫПОЛНЕН РАНЬШЕ order_14
  📋 СРОЧНЫЙ ЗАКАЗ order_4 ДОЛЖЕН БЫТЬ ВЫПОЛНЕН РАНЬШЕ order_15
  📋 СРОЧНЫЙ ЗАКАЗ order_4 ДОЛЖЕН БЫТЬ ВЫПОЛНЕН РАНЬШЕ order_16
  📋 СРОЧНЫЙ ЗАКАЗ order_4 ДОЛЖЕН БЫТЬ ВЫПОЛНЕН РАНЬШЕ order_17
  📋 СРОЧНЫЙ ЗАКАЗ order_4 ДОЛЖЕН БЫТЬ ВЫПОЛНЕН РАНЬШЕ order_18
  📋 СРОЧНЫЙ ЗАКАЗ order_4 ДОЛЖЕН БЫТЬ ВЫПОЛНЕН РАНЬШЕ order_19
  📋 СРОЧНЫЙ ЗАКАЗ order_4 ДОЛЖЕН БЫТЬ ВЫПОЛНЕН РАНЬШЕ order_20
  📋 СРОЧНЫЙ ЗАКАЗ order_4 ДОЛЖЕН БЫТЬ ВЫПОЛНЕН РАНЬШЕ order_21
  📋 СРОЧНЫЙ ЗАКАЗ order_4 ДОЛЖЕН БЫТЬ ВЫПОЛНЕН РАНЬШЕ order_22

=== ДОБАВЛЕНИЕ ЛОГИКИ ЗАМЕНЫ ЗАКАЗОВ ===
  🔄 СРОЧНЫЙ ЗАКАЗ order_3 МОЖЕТ ЗАМЕНИТЬ order_1
  🔄 СРОЧНЫЙ ЗАКАЗ order_4 МОЖЕТ ЗАМЕНИТЬ order_1

=== ПРИНУДИТЕЛЬНАЯ ЗАМЕНА СРОЧНЫХ ЗАКАЗОВ ===
  🚨 ПРИНУДИТЕЛЬНАЯ ЗАМЕНА: СРОЧНЫЙ ЗАКАЗ order_3 ДОЛЖЕН БЫТЬ ВЫПОЛНЕН В ТЕЧЕНИЕ 15 МИНУТ
  ⚡ ОБЫЧНЫЙ ЗАКАЗ order_1 ИМЕЕТ МЕНЬШИЙ ПРИОРИТЕТ ЧЕМ order_3
  ⚡ ОБЫЧНЫЙ ЗАКАЗ order_2 ИМЕЕТ МЕНЬШИЙ ПРИОРИТЕТ ЧЕМ order_3
  ⚡ ОБЫЧНЫЙ ЗАКАЗ order_5 ИМЕЕТ МЕНЬШИЙ ПРИОРИТЕТ ЧЕМ order_3
  ⚡ ОБЫЧНЫЙ ЗАКАЗ order_6 ИМЕЕТ МЕНЬШИЙ ПРИОРИТЕТ ЧЕМ order_3
  ⚡ ОБЫЧНЫЙ ЗАКАЗ order_7 ИМЕЕТ МЕНЬШИЙ ПРИОРИТЕТ ЧЕМ order_3
  ⚡ ОБЫЧНЫЙ ЗАКАЗ order_8 ИМЕЕТ МЕНЬШИЙ ПРИОРИТЕТ ЧЕМ order_3
  ⚡ ОБЫЧНЫЙ ЗАКАЗ order_9 ИМЕЕТ МЕНЬШИЙ ПРИОРИТЕТ ЧЕМ order_3
  ⚡ ОБЫЧНЫЙ ЗАКАЗ order_10 ИМЕЕТ МЕНЬШИЙ ПРИОРИТЕТ ЧЕМ order_3
  ⚡ ОБЫЧНЫЙ ЗАКАЗ order_11 ИМЕЕТ МЕНЬШИЙ ПРИОРИТЕТ ЧЕМ order_3
  ⚡ ОБЫЧНЫЙ ЗАКАЗ order_12 ИМЕЕТ МЕНЬШИЙ ПРИОРИТЕТ ЧЕМ order_3
  ⚡ ОБЫЧНЫЙ ЗАКАЗ order_13 ИМЕЕТ МЕНЬШИЙ ПРИОРИТЕТ ЧЕМ order_3
  ⚡ ОБЫЧНЫЙ ЗАКАЗ order_14 ИМЕЕТ МЕНЬШИЙ ПРИОРИТЕТ ЧЕМ order_3
  ⚡ ОБЫЧНЫЙ ЗАКАЗ order_15 ИМЕЕТ МЕНЬШИЙ ПРИОРИТЕТ ЧЕМ order_3
  ⚡ ОБЫЧНЫЙ ЗАКАЗ order_16 ИМЕЕТ МЕНЬШИЙ ПРИОРИТЕТ ЧЕМ order_3
  ⚡ ОБЫЧНЫЙ ЗАКАЗ order_17 ИМЕЕТ МЕНЬШИЙ ПРИОРИТЕТ ЧЕМ order_3
  ⚡ ОБЫЧНЫЙ ЗАКАЗ order_18 ИМЕЕТ МЕНЬШИЙ ПРИОРИТЕТ ЧЕМ order_3
  ⚡ ОБЫЧНЫЙ ЗАКАЗ order_19 ИМЕЕТ МЕНЬШИЙ ПРИОРИТЕТ ЧЕМ order_3
  ⚡ ОБЫЧНЫЙ ЗАКАЗ order_20 ИМЕЕТ МЕНЬШИЙ ПРИОРИТЕТ ЧЕМ order_3
  ⚡ ОБЫЧНЫЙ ЗАКАЗ order_21 ИМЕЕТ МЕНЬШИЙ ПРИОРИТЕТ ЧЕМ order_3
  ⚡ ОБЫЧНЫЙ ЗАКАЗ order_22 ИМЕЕТ МЕНЬШИЙ ПРИОРИТЕТ ЧЕМ order_3
  🚨 ПРИНУДИТЕЛЬНАЯ ЗАМЕНА: СРОЧНЫЙ ЗАКАЗ order_4 ДОЛЖЕН БЫТЬ ВЫПОЛНЕН В ТЕЧЕНИЕ 15 МИНУТ
  ⚡ ОБЫЧНЫЙ ЗАКАЗ order_1 ИМЕЕТ МЕНЬШИЙ ПРИОРИТЕТ ЧЕМ order_4
  ⚡ ОБЫЧНЫЙ ЗАКАЗ order_2 ИМЕЕТ МЕНЬШИЙ ПРИОРИТЕТ ЧЕМ order_4
  ⚡ ОБЫЧНЫЙ ЗАКАЗ order_5 ИМЕЕТ МЕНЬШИЙ ПРИОРИТЕТ ЧЕМ order_4
  ⚡ ОБЫЧНЫЙ ЗАКАЗ order_6 ИМЕЕТ МЕНЬШИЙ ПРИОРИТЕТ ЧЕМ order_4
  ⚡ ОБЫЧНЫЙ ЗАКАЗ order_7 ИМЕЕТ МЕНЬШИЙ ПРИОРИТЕТ ЧЕМ order_4
  ⚡ ОБЫЧНЫЙ ЗАКАЗ order_8 ИМЕЕТ МЕНЬШИЙ ПРИОРИТЕТ ЧЕМ order_4
  ⚡ ОБЫЧНЫЙ ЗАКАЗ order_9 ИМЕЕТ МЕНЬШИЙ ПРИОРИТЕТ ЧЕМ order_4
  ⚡ ОБЫЧНЫЙ ЗАКАЗ order_10 ИМЕЕТ МЕНЬШИЙ ПРИОРИТЕТ ЧЕМ order_4
  ⚡ ОБЫЧНЫЙ ЗАКАЗ order_11 ИМЕЕТ МЕНЬШИЙ ПРИОРИТЕТ ЧЕМ order_4
  ⚡ ОБЫЧНЫЙ ЗАКАЗ order_12 ИМЕЕТ МЕНЬШИЙ ПРИОРИТЕТ ЧЕМ order_4
  ⚡ ОБЫЧНЫЙ ЗАКАЗ order_13 ИМЕЕТ МЕНЬШИЙ ПРИОРИТЕТ ЧЕМ order_4
  ⚡ ОБЫЧНЫЙ ЗАКАЗ order_14 ИМЕЕТ МЕНЬШИЙ ПРИОРИТЕТ ЧЕМ order_4
  ⚡ ОБЫЧНЫЙ ЗАКАЗ order_15 ИМЕЕТ МЕНЬШИЙ ПРИОРИТЕТ ЧЕМ order_4
  ⚡ ОБЫЧНЫЙ ЗАКАЗ order_16 ИМЕЕТ МЕНЬШИЙ ПРИОРИТЕТ ЧЕМ order_4
  ⚡ ОБЫЧНЫЙ ЗАКАЗ order_17 ИМЕЕТ МЕНЬШИЙ ПРИОРИТЕТ ЧЕМ order_4
  ⚡ ОБЫЧНЫЙ ЗАКАЗ order_18 ИМЕЕТ МЕНЬШИЙ ПРИОРИТЕТ ЧЕМ order_4
  ⚡ ОБЫЧНЫЙ ЗАКАЗ order_19 ИМЕЕТ МЕНЬШИЙ ПРИОРИТЕТ ЧЕМ order_4
  ⚡ ОБЫЧНЫЙ ЗАКАЗ order_20 ИМЕЕТ МЕНЬШИЙ ПРИОРИТЕТ ЧЕМ order_4
  ⚡ ОБЫЧНЫЙ ЗАКАЗ order_21 ИМЕЕТ МЕНЬШИЙ ПРИОРИТЕТ ЧЕМ order_4
  ⚡ ОБЫЧНЫЙ ЗАКАЗ order_22 ИМЕЕТ МЕНЬШИЙ ПРИОРИТЕТ ЧЕМ order_4
Обычный заказ order_1: окно 09:00-21:00, штраф 1000
Обычный заказ order_2: окно 09:00-21:00, штраф 1000
⚡ Срочный заказ order_3: максимум 60 минут, штраф 100000
⚡ Срочный заказ order_4: максимум 60 минут, штраф 100000
Обычный заказ order_5: окно 09:00-21:00, штраф 1000
Обычный заказ order_6: окно 16:30-18:00, штраф 1000
Обычный заказ order_7: окно 09:00-21:00, штраф 1000
Обычный заказ order_8: окно 09:00-21:00, штраф 1000
Обычный заказ order_9: окно 09:00-21:00, штраф 1000
Обычный заказ order_10: окно 09:00-21:00, штраф 1000
Обычный заказ order_11: окно 09:00-21:00, штраф 1000
Обычный заказ order_12: окно 09:00-21:00, штраф 1000
Обычный заказ order_13: окно 09:00-21:00, штраф 1000
Обычный заказ order_14: окно 09:00-21:00, штраф 1000
Обычный заказ order_15: окно 09:00-21:00, штраф 1000
Обычный заказ order_16: окно 09:00-21:00, штраф 1000
Обычный заказ order_17: окно 09:00-21:00, штраф 1000
Обычный заказ order_18: окно 09:00-21:00, штраф 1000
Обычный заказ order_19: окно 09:00-21:00, штраф 1000
Обычный заказ order_20: окно 09:00-21:00, штраф 1000
Обычный заказ order_21: окно 09:00-21:00, штраф 1000
Обычный заказ order_22: окно 09:00-21:00, штраф 1000

=== ДОБАВЛЕНИЕ ОГРАНИЧЕНИЙ ВМЕСТИМОСТИ ===
Курьер courier_1: ЗАГРУЖЕННЫЙ (19л=30)
Курьер courier_2: ЗАГРУЖЕННЫЙ (12л=10, 19л=30)
Курьер courier_3: ЗАГРУЖЕННЫЙ (19л=40)
Курьер courier_4: ЗАГРУЖЕННЫЙ (12л=6, 19л=10)
Начинаем решение с учетом временных окон и приоритетности...
Параметры поиска:
  Стратегия первого решения: PATH_CHEAPEST_ARC
  Метод локального поиска: GUIDED_LOCAL_SEARCH
  Лимит времени: 60 секунд
WARNING: All log messages before absl::InitializeLog() is called are written to STDERR
I0000 00:00:1753025635.797578 57447137 search.cc:310] Start search (memory used = 39.55 MB)
I0000 00:00:1753025635.798473 57447137 search.cc:310] Root node processed (time = 0 ms, constraints = 779, memory used = 39.66 MB)
I0000 00:00:1753025635.804659 57447137 search.cc:310] Solution #0 (4286521, time = 6 ms, branches = 36, failures = 1, depth = 33, memory used = 41.02 MB, limit = 1%)
I0000 00:00:1753025635.805366 57447137 search.cc:310] Solution #1 (4286449, improvement rate = -7.2e+06%/s, maximum = 4286521, time = 6 ms, branches = 42, failures = 3, depth = 33, Relocate<1>, neighbors = 99, filtered neighbors = 1, accepted neighbors = 1, memory used = 41.28 MB, limit = 2%)
I0000 00:00:1753025635.805754 57447137 search.cc:310] Solution #2 (4286225, improvement rate = -2.24e+07%/s, maximum = 4286521, time = 7 ms, branches = 49, failures = 5, depth = 33, Relocate<1>, neighbors = 100, filtered neighbors = 2, accepted neighbors = 2, memory used = 41.36 MB, limit = 3%)
I0000 00:00:1753025635.806221 57447137 search.cc:310] Solution #3 (4285651, improvement rate = -5.74e+07%/s, maximum = 4286521, time = 7 ms, branches = 55, failures = 7, depth = 33, Relocate<1>, neighbors = 114, filtered neighbors = 3, accepted neighbors = 3, memory used = 41.61 MB, limit = 4%)
I0000 00:00:1753025635.806674 57447137 search.cc:310] Solution #4 (4283799, improvement rate = -1.852e+08%/s, maximum = 4286521, time = 8 ms, branches = 63, failures = 9, depth = 33, Relocate<1>, neighbors = 126, filtered neighbors = 4, accepted neighbors = 4, memory used = 41.62 MB, limit = 5%)
I0000 00:00:1753025635.807192 57447137 search.cc:310] Solution #5 (4282788, improvement rate = -1.011e+08%/s, maximum = 4286521, time = 8 ms, branches = 69, failures = 11, depth = 33, Relocate<1>, neighbors = 248, filtered neighbors = 5, accepted neighbors = 5, memory used = 41.64 MB, limit = 6%)
I0000 00:00:1753025635.807601 57447137 search.cc:310] Solution #6 (4281722, improvement rate = -1.066e+08%/s, maximum = 4286521, time = 9 ms, branches = 76, failures = 13, depth = 33, Relocate<1>, neighbors = 272, filtered neighbors = 6, accepted neighbors = 6, memory used = 41.64 MB, limit = 7%)
I0000 00:00:1753025635.807990 57447137 search.cc:310] Solution #7 (4279497, improvement rate = -2.225e+08%/s, maximum = 4286521, time = 9 ms, branches = 82, failures = 15, depth = 33, Relocate<1>, neighbors = 285, filtered neighbors = 7, accepted neighbors = 7, memory used = 41.66 MB, limit = 8%)
I0000 00:00:1753025635.808696 57447137 search.cc:310] Solution #8 (4278570, improvement rate = -9.27e+07%/s, maximum = 4286521, time = 10 ms, branches = 91, failures = 17, depth = 33, Relocate<1>, neighbors = 667, filtered neighbors = 8, accepted neighbors = 8, memory used = 41.66 MB, limit = 9%)
I0000 00:00:1753025635.811045 57447137 search.cc:310] Solution #9 (4267540, improvement rate = -128.898%/s, maximum = 4286521, time = 12 ms, branches = 97, failures = 19, depth = 33, SwapActiveOperator, neighbors = 2589, filtered neighbors = 9, accepted neighbors = 9, memory used = 41.66 MB, limit = 10%)
I0000 00:00:1753025635.811747 57447137 search.cc:310] Solution #10 (4267285, improvement rate = -2.55e+07%/s, maximum = 4286521, time = 13 ms, branches = 104, failures = 21, depth = 33, TwoOptWithShortestPath, neighbors = 2930, filtered neighbors = 10, accepted neighbors = 10, memory used = 41.67 MB, limit = 11%)
I0000 00:00:1753025635.812107 57447137 search.cc:310] Solution #11 (4266038, improvement rate = -1.247e+08%/s, maximum = 4286521, time = 13 ms, branches = 110, failures = 23, depth = 33, TwoOptWithShortestPath, neighbors = 2938, filtered neighbors = 11, accepted neighbors = 11, memory used = 41.67 MB, limit = 12%)
I0000 00:00:1753025635.812463 57447137 search.cc:310] Solution #12 (4264219, improvement rate = -1.819e+08%/s, maximum = 4286521, time = 14 ms, branches = 118, failures = 25, depth = 33, TwoOptWithShortestPath, neighbors = 2948, filtered neighbors = 12, accepted neighbors = 12, memory used = 41.67 MB, limit = 13%)
I0000 00:00:1753025635.813033 57447137 search.cc:310] Solution #13 (4263843, improvement rate = -3.76e+07%/s, maximum = 4286521, time = 14 ms, branches = 124, failures = 27, depth = 33, Relocate<1>, neighbors = 3044, filtered neighbors = 13, accepted neighbors = 13, memory used = 41.67 MB, limit = 14%)
I0000 00:00:1753025635.813352 57447137 search.cc:310] Solution #14 (4262583, improvement rate = -1.26e+08%/s, maximum = 4286521, time = 14 ms, branches = 131, failures = 29, depth = 33, Relocate<1>, neighbors = 3045, filtered neighbors = 14, accepted neighbors = 14, memory used = 41.67 MB, limit = 15%)
I0000 00:00:1753025635.813694 57447137 search.cc:310] Solution #15 (4262043, improvement rate = -5.4e+07%/s, maximum = 4286521, time = 15 ms, branches = 137, failures = 31, depth = 33, Relocate<1>, neighbors = 3052, filtered neighbors = 15, accepted neighbors = 15, memory used = 41.67 MB, limit = 16%)
I0000 00:00:1753025635.814341 57447137 search.cc:310] Solution #16 (4259599, improvement rate = -2.444e+08%/s, maximum = 4286521, time = 15 ms, branches = 147, failures = 33, depth = 33, Relocate<1>, neighbors = 3403, filtered neighbors = 16, accepted neighbors = 16, memory used = 41.67 MB, limit = 17%)
I0000 00:00:1753025635.814667 57447137 search.cc:310] Solution #17 (4258867, improvement rate = -7.32e+07%/s, maximum = 4286521, time = 16 ms, branches = 153, failures = 35, depth = 33, Relocate<1>, neighbors = 3404, filtered neighbors = 17, accepted neighbors = 17, memory used = 41.67 MB, limit = 18%)
I0000 00:00:1753025635.820875 57447137 search.cc:310] Solution #18 (4259599, improvement rate = 2.86461%/s, minimum = 4258867, maximum = 4286521, time = 22 ms, branches = 163, failures = 40, depth = 33, Relocate<1>, neighbors = 5223, filtered neighbors = 18, accepted neighbors = 18, memory used = 41.88 MB, limit = 19%)
I0000 00:00:1753025635.821268 57447137 search.cc:310] Solution #19 (4258867, improvement rate = -7.32e+07%/s, maximum = 4286521, time = 22 ms, branches = 171, failures = 42, depth = 33, Relocate<1>, neighbors = 5224, filtered neighbors = 19, accepted neighbors = 19, memory used = 41.89 MB, limit = 20%)
I0000 00:00:1753025635.827297 57447137 search.cc:310] Solution #20 (4259599, improvement rate = 2.86461%/s, minimum = 4258867, maximum = 4286521, time = 28 ms, branches = 181, failures = 47, depth = 33, Relocate<1>, neighbors = 7363, filtered neighbors = 20, accepted neighbors = 20, memory used = 41.89 MB, limit = 21%)
I0000 00:00:1753025635.827672 57447137 search.cc:310] Solution #21 (4258867, improvement rate = -7.32e+07%/s, maximum = 4286521, time = 29 ms, branches = 187, failures = 49, depth = 33, Relocate<1>, neighbors = 7364, filtered neighbors = 21, accepted neighbors = 21, memory used = 41.92 MB, limit = 22%)
I0000 00:00:1753025635.833368 57447137 search.cc:310] Solution #22 (4259599, improvement rate = 3.43753%/s, minimum = 4258867, maximum = 4286521, time = 34 ms, branches = 199, failures = 54, depth = 33, Relocate<1>, neighbors = 9503, filtered neighbors = 22, accepted neighbors = 22, memory used = 41.94 MB, limit = 23%)
I0000 00:00:1753025635.833706 57447137 search.cc:310] Solution #23 (4258867, improvement rate = -7.32e+07%/s, maximum = 4286521, time = 35 ms, branches = 206, failures = 56, depth = 33, Relocate<1>, neighbors = 9504, filtered neighbors = 23, accepted neighbors = 23, memory used = 41.94 MB, limit = 24%)
I0000 00:00:1753025635.839591 57447137 search.cc:310] Solution #24 (4259599, improvement rate = 3.43753%/s, minimum = 4258867, maximum = 4286521, time = 41 ms, branches = 217, failures = 61, depth = 33, Relocate<1>, neighbors = 11643, filtered neighbors = 24, accepted neighbors = 24, memory used = 41.94 MB, limit = 25%)
I0000 00:00:1753025635.839968 57447137 search.cc:310] Solution #25 (4258867, improvement rate = -7.32e+07%/s, maximum = 4286521, time = 41 ms, branches = 223, failures = 63, depth = 33, Relocate<1>, neighbors = 11644, filtered neighbors = 25, accepted neighbors = 25, memory used = 41.94 MB, limit = 26%)
I0000 00:00:1753025635.845635 57447137 search.cc:310] Solution #26 (4259599, improvement rate = 3.43753%/s, minimum = 4258867, maximum = 4286521, time = 47 ms, branches = 233, failures = 68, depth = 33, Relocate<1>, neighbors = 13783, filtered neighbors = 26, accepted neighbors = 26, memory used = 41.95 MB, limit = 27%)
I0000 00:00:1753025635.845986 57447137 search.cc:310] Solution #27 (4258867, improvement rate = -7.32e+07%/s, maximum = 4286521, time = 47 ms, branches = 244, failures = 70, depth = 33, Relocate<1>, neighbors = 13784, filtered neighbors = 27, accepted neighbors = 27, memory used = 41.95 MB, limit = 28%)
I0000 00:00:1753025635.851601 57447137 search.cc:310] Solution #28 (4259599, improvement rate = 3.43753%/s, minimum = 4258867, maximum = 4286521, time = 53 ms, branches = 254, failures = 75, depth = 33, Relocate<1>, neighbors = 15923, filtered neighbors = 28, accepted neighbors = 28, memory used = 41.95 MB, limit = 29%)
I0000 00:00:1753025635.851939 57447137 search.cc:310] Solution #29 (4258867, improvement rate = -7.32e+07%/s, maximum = 4286521, time = 53 ms, branches = 260, failures = 77, depth = 33, Relocate<1>, neighbors = 15924, filtered neighbors = 29, accepted neighbors = 29, memory used = 41.95 MB, limit = 30%)
I0000 00:00:1753025635.857931 57447137 search.cc:310] Solution #30 (4259599, improvement rate = 3.43753%/s, minimum = 4258867, maximum = 4286521, time = 59 ms, branches = 271, failures = 82, depth = 33, Relocate<1>, neighbors = 18063, filtered neighbors = 30, accepted neighbors = 30, memory used = 41.95 MB, limit = 31%)
I0000 00:00:1753025635.858298 57447137 search.cc:310] Solution #31 (4258867, improvement rate = -7.32e+07%/s, maximum = 4286521, time = 59 ms, branches = 278, failures = 84, depth = 33, Relocate<1>, neighbors = 18064, filtered neighbors = 31, accepted neighbors = 31, memory used = 41.95 MB, limit = 32%)
I0000 00:00:1753025635.863921 57447137 search.cc:310] Solution #32 (4259599, improvement rate = 3.43753%/s, minimum = 4258867, maximum = 4286521, time = 65 ms, branches = 290, failures = 89, depth = 33, Relocate<1>, neighbors = 20203, filtered neighbors = 32, accepted neighbors = 32, memory used = 41.95 MB, limit = 33%)
I0000 00:00:1753025635.864273 57447137 search.cc:310] Solution #33 (4258867, improvement rate = -7.32e+07%/s, maximum = 4286521, time = 65 ms, branches = 296, failures = 91, depth = 33, Relocate<1>, neighbors = 20204, filtered neighbors = 33, accepted neighbors = 33, memory used = 41.95 MB, limit = 34%)
I0000 00:00:1753025635.869803 57447137 search.cc:310] Solution #34 (4259599, improvement rate = 3.43753%/s, minimum = 4258867, maximum = 4286521, time = 71 ms, branches = 306, failures = 96, depth = 33, Relocate<1>, neighbors = 22343, filtered neighbors = 34, accepted neighbors = 34, memory used = 41.95 MB, limit = 35%)
I0000 00:00:1753025635.870223 57447137 search.cc:310] Solution #35 (4258867, improvement rate = -7.32e+07%/s, maximum = 4286521, time = 71 ms, branches = 314, failures = 98, depth = 33, Relocate<1>, neighbors = 22344, filtered neighbors = 35, accepted neighbors = 35, memory used = 41.95 MB, limit = 36%)
I0000 00:00:1753025635.871202 57447137 search.cc:310] Solution #36 (4259663, improvement rate = 7.96e+07%/s, minimum = 4258867, maximum = 4286521, time = 72 ms, branches = 320, failures = 100, depth = 33, Relocate<1>, neighbors = 22724, filtered neighbors = 36, accepted neighbors = 36, memory used = 42.00 MB, limit = 37%)
I0000 00:00:1753025635.877067 57447137 search.cc:310] Solution #37 (4260393, improvement rate = 3.4275%/s, minimum = 4258867, maximum = 4286521, time = 78 ms, branches = 330, failures = 105, depth = 33, Relocate<1>, neighbors = 24736, filtered neighbors = 37, accepted neighbors = 37, memory used = 42.02 MB, limit = 38%)
I0000 00:00:1753025635.877432 57447137 search.cc:310] Solution #38 (4259663, improvement rate = -7.3e+07%/s, minimum = 4258867, maximum = 4286521, time = 79 ms, branches = 340, failures = 107, depth = 33, Relocate<1>, neighbors = 24737, filtered neighbors = 38, accepted neighbors = 38, memory used = 42.02 MB, limit = 39%)
I0000 00:00:1753025635.878066 57447137 search.cc:310] Solution #39 (4258867, improvement rate = -7.96e+07%/s, maximum = 4286521, time = 79 ms, branches = 346, failures = 109, depth = 33, Relocate<1>, neighbors = 25050, filtered neighbors = 39, accepted neighbors = 39, memory used = 42.02 MB, limit = 40%)
I0000 00:00:1753025635.883669 57447137 search.cc:310] Solution #40 (4260057, improvement rate = 5.58834%/s, minimum = 4258867, maximum = 4286521, time = 85 ms, branches = 356, failures = 114, depth = 33, Relocate<1>, neighbors = 27045, filtered neighbors = 40, accepted neighbors = 40, memory used = 42.02 MB, limit = 41%)
I0000 00:00:1753025635.884071 57447137 search.cc:310] Solution #41 (4258867, improvement rate = -1.19e+08%/s, maximum = 4286521, time = 85 ms, branches = 364, failures = 116, depth = 33, Relocate<1>, neighbors = 27086, filtered neighbors = 41, accepted neighbors = 41, memory used = 42.02 MB, limit = 42%)
I0000 00:00:1753025635.889932 57447137 search.cc:310] Solution #42 (4259663, improvement rate = 3.73808%/s, minimum = 4258867, maximum = 4286521, time = 91 ms, branches = 374, failures = 121, depth = 33, Relocate<1>, neighbors = 29225, filtered neighbors = 42, accepted neighbors = 42, memory used = 42.02 MB, limit = 43%)
I0000 00:00:1753025635.890627 57447137 search.cc:310] Solution #43 (4258867, improvement rate = -7.96e+07%/s, maximum = 4286521, time = 92 ms, branches = 380, failures = 123, depth = 33, Relocate<1>, neighbors = 29553, filtered neighbors = 43, accepted neighbors = 43, memory used = 42.02 MB, limit = 44%)
I0000 00:00:1753025635.896233 57447137 search.cc:310] Solution #44 (4260057, improvement rate = 5.58834%/s, minimum = 4258867, maximum = 4286521, time = 97 ms, branches = 392, failures = 128, depth = 33, Relocate<1>, neighbors = 31548, filtered neighbors = 44, accepted neighbors = 44, memory used = 42.02 MB, limit = 45%)
I0000 00:00:1753025635.896637 57447137 search.cc:310] Solution #45 (4258867, improvement rate = -1.19e+08%/s, maximum = 4286521, time = 98 ms, branches = 399, failures = 130, depth = 33, Relocate<1>, neighbors = 31589, filtered neighbors = 45, accepted neighbors = 45, memory used = 42.02 MB, limit = 46%)
I0000 00:00:1753025635.902221 57447137 search.cc:310] Solution #46 (4259663, improvement rate = 3.73808%/s, minimum = 4258867, maximum = 4286521, time = 103 ms, branches = 410, failures = 135, depth = 33, Relocate<1>, neighbors = 33728, filtered neighbors = 46, accepted neighbors = 46, memory used = 42.02 MB, limit = 47%)
I0000 00:00:1753025635.902879 57447137 search.cc:310] Solution #47 (4260153, improvement rate = 4.9e+07%/s, minimum = 4258867, maximum = 4286521, time = 104 ms, branches = 416, failures = 137, depth = 33, Relocate<1>, neighbors = 34041, filtered neighbors = 47, accepted neighbors = 47, memory used = 42.02 MB, limit = 48%)
I0000 00:00:1753025635.903254 57447137 search.cc:310] Solution #48 (4259357, improvement rate = -7.96e+07%/s, minimum = 4258867, maximum = 4286521, time = 104 ms, branches = 423, failures = 139, depth = 33, Relocate<1>, neighbors = 34057, filtered neighbors = 48, accepted neighbors = 48, memory used = 42.02 MB, limit = 49%)
I0000 00:00:1753025635.909071 57447137 search.cc:310] Solution #49 (4260547, improvement rate = 5.5877%/s, minimum = 4258867, maximum = 4286521, time = 110 ms, branches = 438, failures = 144, depth = 33, Relocate<1>, neighbors = 36127, filtered neighbors = 49, accepted neighbors = 49, memory used = 42.02 MB, limit = 50%)
I0000 00:00:1753025635.909485 57447137 search.cc:310] Solution #50 (4259357, improvement rate = -1.19e+08%/s, minimum = 4258867, maximum = 4286521, time = 111 ms, branches = 444, failures = 146, depth = 33, Relocate<1>, neighbors = 36168, filtered neighbors = 50, accepted neighbors = 50, memory used = 42.02 MB, limit = 51%)
I0000 00:00:1753025635.910128 57447137 search.cc:310] Solution #51 (4258867, improvement rate = -4.9e+07%/s, maximum = 4286521, time = 111 ms, branches = 451, failures = 148, depth = 33, Relocate<1>, neighbors = 36502, filtered neighbors = 51, accepted neighbors = 51, memory used = 42.02 MB, limit = 52%)
I0000 00:00:1753025635.915675 57447137 search.cc:310] Solution #52 (4259357, improvement rate = 2.30108%/s, minimum = 4258867, maximum = 4286521, time = 117 ms, branches = 462, failures = 153, depth = 33, Relocate<1>, neighbors = 38436, filtered neighbors = 52, accepted neighbors = 52, memory used = 42.02 MB, limit = 53%)
I0000 00:00:1753025635.916017 57447137 search.cc:310] Solution #53 (4258867, improvement rate = -4.9e+07%/s, maximum = 4286521, time = 117 ms, branches = 468, failures = 155, depth = 33, Relocate<1>, neighbors = 38437, filtered neighbors = 53, accepted neighbors = 53, memory used = 42.02 MB, limit = 54%)
I0000 00:00:1753025635.921787 57447137 search.cc:310] Solution #54 (4259357, improvement rate = 2.30108%/s, minimum = 4258867, maximum = 4286521, time = 123 ms, branches = 478, failures = 160, depth = 33, Relocate<1>, neighbors = 40576, filtered neighbors = 54, accepted neighbors = 54, memory used = 42.02 MB, limit = 55%)
I0000 00:00:1753025635.922148 57447137 search.cc:310] Solution #55 (4258867, improvement rate = -4.9e+07%/s, maximum = 4286521, time = 123 ms, branches = 487, failures = 162, depth = 33, Relocate<1>, neighbors = 40577, filtered neighbors = 55, accepted neighbors = 55, memory used = 42.02 MB, limit = 56%)
I0000 00:00:1753025635.927997 57447137 search.cc:310] Solution #56 (4259357, improvement rate = 2.30108%/s, minimum = 4258867, maximum = 4286521, time = 129 ms, branches = 497, failures = 167, depth = 33, Relocate<1>, neighbors = 42716, filtered neighbors = 56, accepted neighbors = 56, memory used = 42.02 MB, limit = 57%)
I0000 00:00:1753025635.928356 57447137 search.cc:310] Solution #57 (4258867, improvement rate = -4.9e+07%/s, maximum = 4286521, time = 129 ms, branches = 503, failures = 169, depth = 33, Relocate<1>, neighbors = 42717, filtered neighbors = 57, accepted neighbors = 57, memory used = 42.02 MB, limit = 58%)
I0000 00:00:1753025635.934021 57447137 search.cc:310] Solution #58 (4259357, improvement rate = 2.30108%/s, minimum = 4258867, maximum = 4286521, time = 135 ms, branches = 514, failures = 174, depth = 33, Relocate<1>, neighbors = 44856, filtered neighbors = 58, accepted neighbors = 58, memory used = 42.02 MB, limit = 59%)
I0000 00:00:1753025635.934361 57447137 search.cc:310] Solution #59 (4258867, improvement rate = -4.9e+07%/s, maximum = 4286521, time = 135 ms, branches = 521, failures = 176, depth = 33, Relocate<1>, neighbors = 44857, filtered neighbors = 59, accepted neighbors = 59, memory used = 42.02 MB, limit = 60%)
I0000 00:00:1753025635.934705 57447137 search.cc:310] Solution #60 (4261092, improvement rate = 2.225e+08%/s, minimum = 4258867, maximum = 4286521, time = 136 ms, branches = 527, failures = 178, depth = 33, Relocate<1>, neighbors = 44861, filtered neighbors = 60, accepted neighbors = 60, memory used = 42.02 MB, limit = 61%)
I0000 00:00:1753025635.935082 57447137 search.cc:310] Solution #61 (4260057, improvement rate = -1.035e+08%/s, minimum = 4258867, maximum = 4286521, time = 136 ms, branches = 537, failures = 180, depth = 33, Relocate<1>, neighbors = 44873, filtered neighbors = 61, accepted neighbors = 61, memory used = 42.02 MB, limit = 62%)
I0000 00:00:1753025635.941085 57447137 search.cc:310] Solution #62 (4277179, improvement rate = 66.9866%/s, minimum = 4258867, maximum = 4286521, time = 142 ms, branches = 547, failures = 185, depth = 33, Relocate<1>, neighbors = 46969, filtered neighbors = 62, accepted neighbors = 62, memory used = 42.05 MB, limit = 63%)
I0000 00:00:1753025635.941510 57447137 search.cc:310] Solution #63 (4275872, improvement rate = -1.307e+08%/s, minimum = 4258867, maximum = 4286521, time = 143 ms, branches = 553, failures = 187, depth = 33, Relocate<1>, neighbors = 46985, filtered neighbors = 63, accepted neighbors = 63, memory used = 42.05 MB, limit = 64%)
I0000 00:00:1753025635.941867 57447137 search.cc:310] Solution #64 (4276668, improvement rate = 7.96e+07%/s, minimum = 4258867, maximum = 4286521, time = 143 ms, branches = 561, failures = 189, depth = 33, Relocate<1>, neighbors = 46986, filtered neighbors = 64, accepted neighbors = 64, memory used = 42.06 MB, limit = 65%)
I0000 00:00:1753025635.942326 57447137 search.cc:310] Solution #65 (4263858, improvement rate = -1.281e+09%/s, minimum = 4258867, maximum = 4286521, time = 143 ms, branches = 567, failures = 191, depth = 33, Relocate<1>, neighbors = 47050, filtered neighbors = 65, accepted neighbors = 65, memory used = 42.06 MB, limit = 66%)
I0000 00:00:1753025635.942765 57447137 search.cc:310] Solution #66 (4264069, improvement rate = 2.11e+07%/s, minimum = 4258867, maximum = 4286521, time = 144 ms, branches = 574, failures = 193, depth = 33, Relocate<1>, neighbors = 47120, filtered neighbors = 66, accepted neighbors = 66, memory used = 42.06 MB, limit = 67%)
I0000 00:00:1753025635.943285 57447137 search.cc:310] Solution #67 (4262144, improvement rate = -1.925e+08%/s, minimum = 4258867, maximum = 4286521, time = 144 ms, branches = 580, failures = 195, depth = 33, Relocate<1>, neighbors = 47282, filtered neighbors = 67, accepted neighbors = 67, memory used = 42.06 MB, limit = 68%)
I0000 00:00:1753025635.943647 57447137 search.cc:310] Solution #68 (4259874, improvement rate = -2.27e+08%/s, minimum = 4258867, maximum = 4286521, time = 145 ms, branches = 589, failures = 197, depth = 33, Relocate<1>, neighbors = 47287, filtered neighbors = 68, accepted neighbors = 68, memory used = 42.08 MB, limit = 69%)
I0000 00:00:1753025635.949369 57447137 search.cc:310] Solution #69 (4262144, improvement rate = 10.6576%/s, minimum = 4258867, maximum = 4286521, time = 151 ms, branches = 599, failures = 202, depth = 33, Relocate<1>, neighbors = 49251, filtered neighbors = 69, accepted neighbors = 69, memory used = 42.08 MB, limit = 70%)
I0000 00:00:1753025635.949716 57447137 search.cc:310] Solution #70 (4259874, improvement rate = -2.27e+08%/s, minimum = 4258867, maximum = 4286521, time = 151 ms, branches = 605, failures = 204, depth = 33, Relocate<1>, neighbors = 49252, filtered neighbors = 70, accepted neighbors = 70, memory used = 42.08 MB, limit = 71%)
I0000 00:00:1753025635.950166 57447137 search.cc:310] Solution #71 (4260550, improvement rate = 6.76e+07%/s, minimum = 4258867, maximum = 4286521, time = 151 ms, branches = 613, failures = 206, depth = 33, Relocate<1>, neighbors = 49357, filtered neighbors = 71, accepted neighbors = 71, memory used = 42.08 MB, limit = 72%)
I0000 00:00:1753025635.956007 57447137 search.cc:310] Solution #72 (4259874, improvement rate = -3.1733%/s, minimum = 4258867, maximum = 4286521, time = 157 ms, branches = 623, failures = 211, depth = 33, Relocate<1>, neighbors = 51405, filtered neighbors = 72, accepted neighbors = 72, memory used = 42.09 MB, limit = 73%)
I0000 00:00:1753025635.956415 57447137 search.cc:310] Solution #73 (4259663, improvement rate = -2.11e+07%/s, minimum = 4258867, maximum = 4286521, time = 158 ms, branches = 629, failures = 213, depth = 33, Relocate<1>, neighbors = 51420, filtered neighbors = 73, accepted neighbors = 73, memory used = 42.09 MB, limit = 74%)
I0000 00:00:1753025635.962595 57447137 search.cc:310] Solution #74 (4278960, improvement rate = 75.5028%/s, minimum = 4258867, maximum = 4286521, time = 164 ms, branches = 643, failures = 218, depth = 33, Relocate<1>, neighbors = 53597, filtered neighbors = 74, accepted neighbors = 74, memory used = 42.14 MB, limit = 75%)
I0000 00:00:1753025635.963005 57447137 search.cc:310] Solution #75 (4278915, improvement rate = -4.5e+06%/s, minimum = 4258867, maximum = 4286521, time = 164 ms, branches = 650, failures = 220, depth = 33, Relocate<1>, neighbors = 53598, filtered neighbors = 75, accepted neighbors = 75, memory used = 42.16 MB, limit = 76%)
I0000 00:00:1753025635.963482 57447137 search.cc:310] Solution #76 (4279126, improvement rate = 2.11e+07%/s, minimum = 4258867, maximum = 4286521, time = 165 ms, branches = 656, failures = 222, depth = 33, Relocate<1>, neighbors = 53664, filtered neighbors = 76, accepted neighbors = 76, memory used = 42.16 MB, limit = 77%)
I0000 00:00:1753025635.963973 57447137 search.cc:310] Solution #77 (4277327, improvement rate = -1.799e+08%/s, minimum = 4258867, maximum = 4286521, time = 165 ms, branches = 664, failures = 224, depth = 33, Relocate<1>, neighbors = 53802, filtered neighbors = 77, accepted neighbors = 77, memory used = 42.16 MB, limit = 78%)
I0000 00:00:1753025635.964316 57447137 search.cc:310] Solution #78 (4276785, improvement rate = -5.42e+07%/s, minimum = 4258867, maximum = 4286521, time = 165 ms, branches = 670, failures = 226, depth = 33, Relocate<1>, neighbors = 53804, filtered neighbors = 78, accepted neighbors = 78, memory used = 42.16 MB, limit = 79%)
I0000 00:00:1753025635.964660 57447137 search.cc:310] Solution #79 (4271923, improvement rate = -4.862e+08%/s, minimum = 4258867, maximum = 4286521, time = 166 ms, branches = 677, failures = 228, depth = 33, Relocate<1>, neighbors = 53805, filtered neighbors = 79, accepted neighbors = 79, memory used = 42.16 MB, limit = 80%)
I0000 00:00:1753025635.964997 57447137 search.cc:310] Solution #80 (4268765, improvement rate = -3.158e+08%/s, minimum = 4258867, maximum = 4286521, time = 166 ms, branches = 683, failures = 230, depth = 33, Relocate<1>, neighbors = 53808, filtered neighbors = 80, accepted neighbors = 80, memory used = 42.16 MB, limit = 81%)
I0000 00:00:1753025635.965355 57447137 search.cc:310] Solution #81 (4268253, improvement rate = -5.12e+07%/s, minimum = 4258867, maximum = 4286521, time = 166 ms, branches = 692, failures = 232, depth = 33, Relocate<1>, neighbors = 53810, filtered neighbors = 81, accepted neighbors = 81, memory used = 42.17 MB, limit = 82%)
I0000 00:00:1753025635.965780 57447137 search.cc:310] Solution #82 (4266798, improvement rate = -1.455e+08%/s, minimum = 4258867, maximum = 4286521, time = 167 ms, branches = 698, failures = 234, depth = 33, Relocate<1>, neighbors = 53861, filtered neighbors = 82, accepted neighbors = 82, memory used = 42.17 MB, limit = 83%)
I0000 00:00:1753025635.966153 57447137 search.cc:310] Solution #83 (4261632, improvement rate = -5.166e+08%/s, minimum = 4258867, maximum = 4286521, time = 167 ms, branches = 705, failures = 236, depth = 33, Relocate<1>, neighbors = 53862, filtered neighbors = 83, accepted neighbors = 83, memory used = 42.17 MB, limit = 84%)
I0000 00:00:1753025635.966574 57447137 search.cc:310] Solution #84 (4261092, improvement rate = -5.4e+07%/s, minimum = 4258867, maximum = 4286521, time = 168 ms, branches = 711, failures = 238, depth = 33, Relocate<1>, neighbors = 53921, filtered neighbors = 84, accepted neighbors = 84, memory used = 42.17 MB, limit = 85%)
I0000 00:00:1753025635.967195 57447137 search.cc:310] Solution #85 (4258867, improvement rate = -2.225e+08%/s, maximum = 4286521, time = 168 ms, branches = 719, failures = 240, depth = 33, Relocate<1>, neighbors = 54218, filtered neighbors = 85, accepted neighbors = 85, memory used = 42.17 MB, limit = 86%)
I0000 00:00:1753025635.972863 57447137 search.cc:310] Solution #86 (4261092, improvement rate = 10.4488%/s, minimum = 4258867, maximum = 4286521, time = 174 ms, branches = 729, failures = 245, depth = 33, Relocate<1>, neighbors = 56137, filtered neighbors = 86, accepted neighbors = 86, memory used = 42.17 MB, limit = 87%)
I0000 00:00:1753025635.973241 57447137 search.cc:310] Solution #87 (4258867, improvement rate = -2.225e+08%/s, maximum = 4286521, time = 174 ms, branches = 735, failures = 247, depth = 33, Relocate<1>, neighbors = 56138, filtered neighbors = 87, accepted neighbors = 87, memory used = 42.17 MB, limit = 88%)
I0000 00:00:1753025635.973680 57447137 search.cc:310] Solution #88 (4259663, improvement rate = 7.96e+07%/s, minimum = 4258867, maximum = 4286521, time = 175 ms, branches = 745, failures = 249, depth = 33, Relocate<1>, neighbors = 56202, filtered neighbors = 88, accepted neighbors = 88, memory used = 42.17 MB, limit = 89%)
I0000 00:00:1753025635.974190 57447137 search.cc:310] Solution #89 (4259874, improvement rate = 2.11e+07%/s, minimum = 4258867, maximum = 4286521, time = 175 ms, branches = 751, failures = 251, depth = 33, Relocate<1>, neighbors = 56335, filtered neighbors = 89, accepted neighbors = 89, memory used = 42.17 MB, limit = 90%)
I0000 00:00:1753025635.980086 57447137 search.cc:310] Solution #90 (4262230, improvement rate = 11.0614%/s, minimum = 4258867, maximum = 4286521, time = 181 ms, branches = 761, failures = 256, depth = 33, Relocate<1>, neighbors = 58435, filtered neighbors = 90, accepted neighbors = 90, memory used = 42.17 MB, limit = 91%)
I0000 00:00:1753025635.980480 57447137 search.cc:310] Solution #91 (4260831, improvement rate = -1.399e+08%/s, minimum = 4258867, maximum = 4286521, time = 182 ms, branches = 769, failures = 258, depth = 33, Relocate<1>, neighbors = 58436, filtered neighbors = 91, accepted neighbors = 91, memory used = 42.17 MB, limit = 92%)
I0000 00:00:1753025635.981049 57447137 search.cc:310] Solution #92 (4261014, improvement rate = 1.83e+07%/s, minimum = 4258867, maximum = 4286521, time = 182 ms, branches = 775, failures = 260, depth = 33, Relocate<1>, neighbors = 58669, filtered neighbors = 92, accepted neighbors = 92, memory used = 42.17 MB, limit = 93%)
I0000 00:00:1753025635.981399 57447137 search.cc:310] Solution #93 (4258854, improvement rate = -2.16e+08%/s, maximum = 4286521, time = 183 ms, branches = 782, failures = 262, depth = 33, Relocate<1>, neighbors = 58670, filtered neighbors = 93, accepted neighbors = 93, memory used = 42.17 MB, limit = 94%)
I0000 00:00:1753025635.986991 57447137 search.cc:310] Solution #94 (4261014, improvement rate = 10.1436%/s, minimum = 4258854, maximum = 4286521, time = 188 ms, branches = 794, failures = 267, depth = 33, Relocate<1>, neighbors = 60592, filtered neighbors = 94, accepted neighbors = 94, memory used = 42.17 MB, limit = 95%)
I0000 00:00:1753025635.987357 57447137 search.cc:310] Solution #95 (4258854, improvement rate = -2.16e+08%/s, maximum = 4286521, time = 188 ms, branches = 800, failures = 269, depth = 33, Relocate<1>, neighbors = 60593, filtered neighbors = 95, accepted neighbors = 95, memory used = 42.17 MB, limit = 96%)
I0000 00:00:1753025635.993327 57447137 search.cc:310] Solution #96 (4261014, improvement rate = 10.1436%/s, minimum = 4258854, maximum = 4286521, time = 194 ms, branches = 810, failures = 274, depth = 33, Relocate<1>, neighbors = 62667, filtered neighbors = 96, accepted neighbors = 96, memory used = 42.17 MB, limit = 97%)
I0000 00:00:1753025635.993700 57447137 search.cc:310] Solution #97 (4258854, improvement rate = -2.16e+08%/s, maximum = 4286521, time = 195 ms, branches = 818, failures = 276, depth = 33, Relocate<1>, neighbors = 62668, filtered neighbors = 97, accepted neighbors = 97, memory used = 42.17 MB, limit = 98%)
I0000 00:00:1753025635.999309 57447137 search.cc:310] Solution #98 (4261014, improvement rate = 10.1436%/s, minimum = 4258854, maximum = 4286521, time = 200 ms, branches = 828, failures = 281, depth = 33, Relocate<1>, neighbors = 64742, filtered neighbors = 98, accepted neighbors = 98, memory used = 42.17 MB, limit = 99%)
I0000 00:00:1753025635.999674 57447137 search.cc:310] Solution #99 (4258854, improvement rate = -2.16e+08%/s, maximum = 4286521, time = 201 ms, branches = 834, failures = 283, depth = 33, Relocate<1>, neighbors = 64743, filtered neighbors = 99, accepted neighbors = 99, memory used = 42.17 MB, limit = 100%)
I0000 00:00:1753025635.999719 57447137 search.cc:310] Finished search tree (time = 201 ms, branches = 834, failures = 310, neighbors = 64743, filtered neighbors = 99, accepted neigbors = 99, memory used = 42.17 MB)
I0000 00:00:1753025635.999794 57447137 search.cc:310] End search (time = 201 ms, branches = 834, failures = 310, memory used = 42.17 MB, speed = 4149 branches/s)
Решение найдено: True
Статус решения: 1

=== МАРШРУТЫ НАЙДЕНЫ ===
Общая стоимость: 4258854 метров
Общая стоимость: 4258.85 км

Маршрут курьера 0 (courier_1):
  Заказы: ['order_6', 'order_9', 'order_18', 'order_15']
  Расстояние: 9790 метров (9.79 км)
  Требуется бутылок: 12л=0, 19л=25, всего=25
  Тип курьера: loaded
  Использование вместимости: 83.3%

Маршрут курьера 1 (courier_2):
  Заказы: ['order_21', 'order_8', 'order_20', 'order_2', 'order_17', 'order_1']
  Расстояние: 8956 метров (8.96 км)
  Требуется бутылок: 12л=8, 19л=30, всего=38
  Тип курьера: loaded
  Использование вместимости: 95.0%

Маршрут курьера 2 (courier_3):
  Заказы: ['order_13', 'order_10', 'order_7', 'order_19', 'order_16']
  Расстояние: 9391 метров (9.39 км)
  Требуется бутылок: 12л=0, 19л=24, всего=24
  Тип курьера: loaded
  Использование вместимости: 60.0%

Маршрут курьера 3 (courier_4):
  Заказы: ['order_12', 'order_5', 'order_11']
  Расстояние: 4717 метров (4.72 км)
  Требуется бутылок: 12л=4, 19л=4, всего=8
  Тип курьера: loaded
  Использование вместимости: 50.0%

=== РЕЗУЛЬТАТЫ РАСПРЕДЕЛЕНИЯ ===
Общее расстояние: 32854 метров (32.85 км)
Используется курьеров: 4 из 4
Всего заказов обслужено: 18 из 22

Готовые маршруты: [
  {
    courier_id: 'courier_1',
    orders: [ 'order_6', 'order_9', 'order_18', 'order_15' ],
    orders_count: 4,
    distance_meters: 9790,
    distance_km: 9.79,
    required_bottles: { bottles_12: 0, bottles_19: 25, total: 25 },
    courier_should_take: { bottles_12: 0, bottles_19: 0, total: 0 },
    capacity_utilization: { percent: 83.3 },
    has_active_order: null,
    courier_type: 'loaded'
  },
  {
    courier_id: 'courier_2',
    orders: [
      'order_21',
      'order_8',
      'order_20',
      'order_2',
      'order_17',
      'order_1'
    ],
    orders_count: 6,
    distance_meters: 8956,
    distance_km: 8.96,
    required_bottles: { bottles_12: 8, bottles_19: 30, total: 38 },
    courier_should_take: { bottles_12: 0, bottles_19: 0, total: 0 },
    capacity_utilization: { percent: 95 },
    has_active_order: null,
    courier_type: 'loaded'
  },
  {
    courier_id: 'courier_3',
    orders: [ 'order_13', 'order_10', 'order_7', 'order_19', 'order_16' ],
    orders_count: 5,
    distance_meters: 9391,
    distance_km: 9.39,
    required_bottles: { bottles_12: 0, bottles_19: 24, total: 24 },
    courier_should_take: { bottles_12: 0, bottles_19: 0, total: 0 },
    capacity_utilization: { percent: 60 },
    has_active_order: null,
    courier_type: 'loaded'
  },
  {
    courier_id: 'courier_4',
    orders: [ 'order_12', 'order_5', 'order_11' ],
    orders_count: 3,
    distance_meters: 4717,
    distance_km: 4.72,
    required_bottles: { bottles_12: 4, bottles_19: 4, total: 8 },
    courier_should_take: { bottles_12: 0, bottles_19: 0, total: 0 },
    capacity_utilization: { percent: 50 },
    has_active_order: null,
    courier_type: 'loaded'
  }
]
Результат визуализации: {
  success: true,
  message: 'Старый файл визуализации удален\n' +
    'Визуализация сохранена в файл: vrp_routes_visualization.png\n' +
    '\n' +
    'Анализ маршрутов с активными заказами:\n' +
    '============================================================\n' +
    '\n' +
    '🎨 Цвета курьеров:\n' +
    '  courier_1: red\n' +
    '  courier_2: blue\n' +
    '  courier_3: green\n' +
    '  courier_4: orange\n' +
    '\n' +
    'courier_1 (red):\n' +
    '  Старт: (43.282, 76.921)\n' +
    '  📦 Новые заказы: order_6, order_9, order_18, order_15\n' +
    '  📊 Всего заказов: 4 (активных: 0, новых: 4)\n' +
    '  🛣️  Расстояние: 9.79 км\n' +
    '  🏁 Завершение: (43.212, 76.873) - order_15\n' +
    '\n' +
    'courier_2 (blue):\n' +
    '  Старт: (43.240, 76.910)\n' +
    '  📦 Новые заказы: order_21, order_8, order_20, order_2, order_17, order_1\n' +
    '  📊 Всего заказов: 6 (активных: 0, новых: 6)\n' +
    '  🛣️  Расстояние: 8.96 км\n' +
    '  🏁 Завершение: (43.292, 76.931) - order_1\n' +
    '\n' +
    'courier_3 (green):\n' +
    '  Старт: (43.168, 76.897)\n' +
    '  📦 Новые заказы: order_13, order_10, order_7, order_19, order_16\n' +
    '  📊 Всего заказов: 5 (активных: 0, новых: 5)\n' +
    '  🛣️  Расстояние: 9.39 км\n' +
    '  🏁 Завершение: (43.223, 76.935) - order_16\n' +
    '\n' +
    'courier_4 (orange):\n' +
    '  Старт: (43.160, 76.870)\n' +
    '  📦 Новые заказы: order_12, order_5, order_11\n' +
    '  📊 Всего заказов: 3 (активных: 0, новых: 3)\n' +
    '  🛣️  Расстояние: 4.72 км\n' +
    '  🏁 Завершение: (43.195, 76.897) - order_11\n' +
    '\n' +
    '❌ Необслуженные заказы: order_3, order_4, order_14, order_22\n' +
    '  order_3 (НОВЫЙ): (43.151, 76.901)\n' +
    '  order_4 (НОВЫЙ): (43.229, 76.866)\n' +
    '  order_14 (НОВЫЙ): (43.235, 76.912)\n' +
    '  order_22 (НОВЫЙ): (43.199, 76.935)\n' +
    '\n' +
    '📈 Итоговая статистика:\n' +
    '  Общее расстояние: 32.86 км\n' +
    '  Используется курьеров: 4/4\n' +
    '  Обслужено заказов: 18/22\n' +
    '  Активных заказов: 0\n' +
    '  Новых заказов для распределения: 22\n' +
    '  Новых заказов обслужено: 18\n' +
    '  Новых заказов не обслужено: 4\n' +
    '\n' +
    '🔍 Проверка активных заказов:'
}
✅ Курьер courier_1 получил 4 заказов
   Тип курьера: loaded
   Требуется бутылок: 12л=0, 19л=25, всего=25
   Курьер должен взять: 12л=0, 19л=0, всего=0
   Использование вместимости: 83.3%
   Активный заказ: нет
   Завершил первый заказ: да
✅ Курьер courier_2 получил 6 заказов
   Тип курьера: loaded
   Требуется бутылок: 12л=8, 19л=30, всего=38
   Курьер должен взять: 12л=0, 19л=0, всего=0
   Использование вместимости: 95%
   Активный заказ: нет
   Завершил первый заказ: да
✅ Курьер courier_3 получил 5 заказов
   Тип курьера: loaded
   Требуется бутылок: 12л=0, 19л=24, всего=24
   Курьер должен взять: 12л=0, 19л=0, всего=0
   Использование вместимости: 60%
   Активный заказ: нет
   Завершил первый заказ: да
✅ Курьер courier_4 получил 3 заказов
   Тип курьера: loaded
   Требуется бутылок: 12л=4, 19л=4, всего=8
   Курьер должен взять: 12л=0, 19л=0, всего=0
   Использование вместимости: 50%
   Активный заказ: нет
   Завершил первый заказ: да
✅ Push уведомления отправлены
yedilkulzhabay@192 crm % 